<?xml version="1.0" encoding="UTF-8"?>
<!-- Generated by org.testng.reporters.JUnitReportReporter -->
<testsuite hostname="DESKTOP-1PBA745" failures="0" tests="4" name="TestNgXMLStudy.Sample2" time="0.016" errors="0" timestamp="2021-11-26T18:28:19 IST" skipped="0">
  <testcase classname="TestNgXMLStudy.Sample2" name="S2TC2" time="0.005"/>
  <system-out>
    <![CDATA[TC2 is running]]>
  </system-out>
  <testcase classname="TestNgXMLStudy.Sample2" name="S2TC3" time="0.004"/>
  <system-out>
    <![CDATA[TC3 is running]]>
  </system-out>
  <testcase classname="TestNgXMLStudy.Sample2" name="S2TC4" time="0.005"/>
  <system-out>
    <![CDATA[TC4 is running]]>
  </system-out>
  <testcase classname="TestNgXMLStudy.Sample2" name="S2TC1" time="0.002"/>
  <system-out>
    <![CDATA[TC1 is running]]>
  </system-out>
</testsuite> <!-- TestNgXMLStudy.Sample2 -->
