<?xml version="1.0" encoding="UTF-8"?>
<!-- Generated by org.testng.reporters.JUnitReportReporter -->
<testsuite hostname="DESKTOP-1PBA745" failures="0" tests="4" name="TestNgXMLStudy.Sample3" time="0.024" errors="0" timestamp="2021-11-27T09:49:26 IST" skipped="0">
  <testcase classname="TestNgXMLStudy.Sample3" name="S3TC4" time="0.003"/>
  <system-out>
    <![CDATA[TC4 is running]]>
  </system-out>
  <testcase classname="TestNgXMLStudy.Sample3" name="S3TC2" time="0.003"/>
  <system-out>
    <![CDATA[TC2 is running]]>
  </system-out>
  <testcase classname="TestNgXMLStudy.Sample3" name="S3TC1" time="0.016"/>
  <system-out>
    <![CDATA[TC2 is running]]>
  </system-out>
  <testcase classname="TestNgXMLStudy.Sample3" name="S3TC3" time="0.002"/>
  <system-out>
    <![CDATA[TC3 is running]]>
  </system-out>
</testsuite> <!-- TestNgXMLStudy.Sample3 -->
