<?xml version="1.0" encoding="UTF-8"?>
<!-- Generated by org.testng.reporters.JUnitReportReporter -->
<testsuite hostname="DESKTOP-1PBA745" failures="0" tests="2" name="CrossBrowserStudy.CrossbrowerinChromeandMozilla" time="60.826" errors="0" timestamp="2021-12-02T17:08:15 IST" skipped="0">
  <testcase classname="CrossBrowserStudy.CrossbrowerinChromeandMozilla" name="Sample1" time="21.148"/>
  <system-out>
    <![CDATA[Launch browser....
Logging in.....
Enter pin successfully.....
Test Validation done.....
Testcase is passed
Logging out...
Close Browser]]>
  </system-out>
  <testcase classname="CrossBrowserStudy.CrossbrowerinChromeandMozilla" name="Sample1" time="39.678"/>
  <system-out>
    <![CDATA[Launch browser....
Logging in.....
Enter pin successfully.....
Test Validation done.....
Testcase is passed
Logging out...
Close Browser]]>
  </system-out>
</testsuite> <!-- CrossBrowserStudy.CrossbrowerinChromeandMozilla -->
