<?xml version="1.0" encoding="UTF-8"?>
<!-- Generated by org.testng.reporters.JUnitReportReporter -->
<testsuite hostname="DESKTOP-1PBA745" failures="0" tests="1" name="HardAssertStudyTestNG.Sample1" time="21.097" errors="0" timestamp="2021-11-30T09:35:31 IST" skipped="0">
  <testcase classname="HardAssertStudyTestNG.Sample1" name="TC1AssertEqualas" time="21.097"/>
  <system-out>
    <![CDATA[Checkbox is not selected
Checkbox is selected]]>
  </system-out>
</testsuite> <!-- HardAssertStudyTestNG.Sample1 -->
