<?xml version="1.0" encoding="UTF-8"?>
<!-- Generated by org.testng.reporters.JUnitReportReporter -->
<testsuite hostname="DESKTOP-1PBA745" failures="0" tests="1" name="CrossBrowserStudy.MozillaFirefoxUSingLaunchApplication" time="64.555" errors="0" timestamp="2021-12-02T10:14:48 IST" skipped="0">
  <testcase classname="CrossBrowserStudy.MozillaFirefoxUSingLaunchApplication" name="firfoxmozillaSample1" time="64.555"/>
  <system-out/>
</testsuite> <!-- CrossBrowserStudy.MozillaFirefoxUSingLaunchApplication -->
