<?xml version="1.0" encoding="UTF-8"?>
<!-- Generated by org.testng.reporters.JUnitReportReporter -->
<testsuite hostname="DESKTOP-1PBA745" failures="0" tests="1" name="POMbyPageFactory.AssertStudy" time="26.430" errors="0" timestamp="2021-11-30T09:04:56 IST" skipped="0">
  <testcase classname="POMbyPageFactory.AssertStudy" name="LaunchBrowser" time="26.430"/>
  <system-out>
    <![CDATA[Testcase is passed]]>
  </system-out>
</testsuite> <!-- POMbyPageFactory.AssertStudy -->
