<?xml version="1.0" encoding="UTF-8"?>
<!-- Generated by org.testng.reporters.JUnitReportReporter -->
<testsuite hostname="DESKTOP-1PBA745" failures="0" tests="5" name="TestNgstudy.PriorityStudy" time="0.028" errors="0" timestamp="2021-11-26T09:34:58 IST" skipped="0">
  <testcase classname="TestNgstudy.PriorityStudy" name="c" time="0.017"/>
  <system-out>
    <![CDATA[TC c is running]]>
  </system-out>
  <testcase classname="TestNgstudy.PriorityStudy" name="b" time="0.003"/>
  <system-out>
    <![CDATA[TC b is running]]>
  </system-out>
  <testcase classname="TestNgstudy.PriorityStudy" name="e" time="0.002"/>
  <system-out>
    <![CDATA[TC e is running]]>
  </system-out>
  <testcase classname="TestNgstudy.PriorityStudy" name="a" time="0.004"/>
  <system-out>
    <![CDATA[TC a is running]]>
  </system-out>
  <testcase classname="TestNgstudy.PriorityStudy" name="d" time="0.002"/>
  <system-out>
    <![CDATA[TC d is running]]>
  </system-out>
</testsuite> <!-- TestNgstudy.PriorityStudy -->
