<?xml version="1.0" encoding="UTF-8"?>
<!-- Generated by org.testng.reporters.JUnitReportReporter -->
<testsuite hostname="DESKTOP-1PBA745" failures="0" tests="1" name="POM_Test_base_Utility.Testclass" time="10.898" errors="0" timestamp="2021-12-07T16:12:39 IST" skipped="0">
  <testcase classname="POM_Test_base_Utility.Testclass" name="UserIdValidation" time="10.898"/>
  <system-out>
    <![CDATA[Testcase is passed Text is matching
Validation done...]]>
  </system-out>
</testsuite> <!-- POM_Test_base_Utility.Testclass -->
