<?xml version="1.0" encoding="UTF-8"?>
<!-- Generated by org.testng.reporters.JUnitReportReporter -->
<testsuite hostname="DESKTOP-1PBA745" failures="0" tests="1" name="TestNgXMLStudy.SampleParellel1" time="18.890" errors="0" timestamp="2021-11-29T09:24:44 IST" skipped="0">
  <testcase classname="TestNgXMLStudy.SampleParellel1" name="FbVisit" time="18.890"/>
  <system-out/>
</testsuite> <!-- TestNgXMLStudy.SampleParellel1 -->
