<?xml version="1.0" encoding="UTF-8"?>
<!-- Generated by org.testng.reporters.JUnitReportReporter -->
<testsuite hostname="DESKTOP-1PBA745" failures="0" tests="1" name="TestNgXMLStudy.FailedTestcases" time="0.526" errors="0" timestamp="2021-12-02T21:05:26 IST" skipped="0">
  <testcase classname="TestNgXMLStudy.FailedTestcases" name="tC2" time="0.526"/>
  <system-out>
    <![CDATA[tc2 is running...]]>
  </system-out>
</testsuite> <!-- TestNgXMLStudy.FailedTestcases -->
