<?xml version="1.0" encoding="UTF-8"?>
<!-- Generated by org.testng.reporters.JUnitReportReporter -->
<testsuite hostname="DESKTOP-1PBA745" failures="0" tests="1" name="TestNgXMLStudy.SampleParellel3" time="20.614" errors="0" timestamp="2021-11-29T09:24:44 IST" skipped="0">
  <testcase classname="TestNgXMLStudy.SampleParellel3" name="VisitGoogle" time="20.614"/>
  <system-out/>
</testsuite> <!-- TestNgXMLStudy.SampleParellel3 -->
