<?xml version="1.0" encoding="UTF-8"?>
<!-- Generated by org.testng.reporters.JUnitReportReporter -->
<testsuite hostname="DESKTOP-1PBA745" failures="0" tests="2" name="TestNgXMLStudy.Sample1" time="0.017" errors="0" timestamp="2021-11-26T18:28:19 IST" skipped="0">
  <testcase classname="TestNgXMLStudy.Sample1" name="S1TC2" time="0.002"/>
  <system-out>
    <![CDATA[TC2 is running]]>
  </system-out>
  <testcase classname="TestNgXMLStudy.Sample1" name="S1TC1" time="0.015"/>
  <system-out>
    <![CDATA[TC1 is running]]>
  </system-out>
</testsuite> <!-- TestNgXMLStudy.Sample1 -->
