<?xml version="1.0" encoding="UTF-8"?>
<!-- Generated by org.testng.reporters.JUnitReportReporter -->
<testsuite hostname="DESKTOP-1PBA745" failures="0" tests="2" name="TestNgstudy.NewTest1" time="0.010" errors="0" timestamp="2021-11-25T17:13:18 IST" skipped="0">
  <testcase classname="TestNgstudy.NewTest1" name="Test" time="0.006"/>
  <system-out>
    <![CDATA[TestCase is passed]]>
  </system-out>
  <testcase classname="TestNgstudy.NewTest1" name="Test1" time="0.004"/>
  <system-out/>
</testsuite> <!-- TestNgstudy.NewTest1 -->
