<?xml version="1.0" encoding="UTF-8"?>
<!-- Generated by org.testng.reporters.JUnitReportReporter -->
<testsuite hostname="DESKTOP-1PBA745" failures="0" tests="1" name="TestNgXMLStudy.failedtestcasessample" time="0.015" errors="0" timestamp="2021-12-02T21:04:18 IST" skipped="0">
  <testcase classname="TestNgXMLStudy.failedtestcasessample" name="tC4" time="0.015"/>
  <system-out>
    <![CDATA[tc4 is running...]]>
  </system-out>
</testsuite> <!-- TestNgXMLStudy.failedtestcasessample -->
