<?xml version="1.0" encoding="UTF-8"?>
<!-- Generated by org.testng.reporters.JUnitReportReporter -->
<testsuite hostname="DESKTOP-1PBA745" failures="0" tests="1" name="POM_Base_Testclasses_Utility.Testclass3" time="6.426" errors="0" timestamp="2021-12-07T23:16:20 IST" skipped="0">
  <testcase classname="POM_Base_Testclasses_Utility.Testclass3" name="GetErrormsgs" time="6.426"/>
  <system-out>
    <![CDATA[Testcase is passed error msg of userid is matched
Testcase is passed error msg of psw is matched
Validation done...
Taking Screenshot...]]>
  </system-out>
</testsuite> <!-- POM_Base_Testclasses_Utility.Testclass3 -->
