<?xml version="1.0" encoding="UTF-8"?>
<!-- Generated by org.testng.reporters.JUnitReportReporter -->
<testsuite hostname="DESKTOP-1PBA745" failures="0" tests="1" name="HardAssertStudyTestNG.AssertStudy" time="19.227" errors="0" timestamp="2021-11-29T23:25:38 IST" skipped="0">
  <testcase classname="HardAssertStudyTestNG.AssertStudy" name="LaunchBrowser" time="19.227"/>
  <system-out>
    <![CDATA[Testcase is passed]]>
  </system-out>
</testsuite> <!-- HardAssertStudyTestNG.AssertStudy -->
