<?xml version="1.0" encoding="UTF-8"?>
<!-- Generated by org.testng.reporters.JUnitReportReporter -->
<testsuite hostname="DESKTOP-1PBA745" failures="0" tests="3" name="TestNgstudy.EnabledStudy" time="0.017" errors="0" timestamp="2021-11-26T13:55:10 IST" skipped="1">
  <testcase classname="TestNgstudy.EnabledStudy" name="b" time="0.015"/>
  <system-out>
    <![CDATA[TC b is running]]>
  </system-out>
  <testcase classname="TestNgstudy.EnabledStudy" name="c" time="0.002"/>
  <system-out>
    <![CDATA[TC c is running]]>
  </system-out>
  <testcase classname="TestNgstudy.EnabledStudy" name="a">
    <skipped/>
  </testcase> <!-- a -->
  <system-out/>
</testsuite> <!-- TestNgstudy.EnabledStudy -->
