<?xml version="1.0" encoding="UTF-8"?>
<!-- Generated by org.testng.reporters.JUnitReportReporter -->
<testsuite hostname="DESKTOP-1PBA745" failures="0" tests="1" name="TestNgstudy.Sample1" time="0.013" errors="0" timestamp="2021-11-25T17:20:47 IST" skipped="0">
  <testcase classname="TestNgstudy.Sample1" name="Demo" time="0.013"/>
  <system-out>
    <![CDATA[Good Morning]]>
  </system-out>
</testsuite> <!-- TestNgstudy.Sample1 -->
