<?xml version="1.0" encoding="UTF-8"?>
<!-- Generated by org.testng.reporters.JUnitReportReporter -->
<testsuite hostname="DESKTOP-1PBA745" failures="0" tests="3" name="TestNgstudy.Invoaction_countstudy" time="0.026" errors="0" timestamp="2021-11-26T09:27:48 IST" skipped="0">
  <testcase classname="TestNgstudy.Invoaction_countstudy" name="TC1" time="0.011"/>
  <system-out>
    <![CDATA[Tc1 is passed]]>
  </system-out>
  <testcase classname="TestNgstudy.Invoaction_countstudy" name="TC1" time="0.008"/>
  <system-out>
    <![CDATA[Tc1 is passed]]>
  </system-out>
  <testcase classname="TestNgstudy.Invoaction_countstudy" name="TC1" time="0.007"/>
  <system-out>
    <![CDATA[Tc1 is passed]]>
  </system-out>
</testsuite> <!-- TestNgstudy.Invoaction_countstudy -->
